2020-05-17 15:21:05 Заполняем файл POWERSHELL
2020-05-17 15:21:05 Запускаем POWERSHELL
2020-05-17 15:21:06 Запрос стока. Отправка запроса
2020-05-17 15:21:06 Запрос стока. Прослушивание ответа API
2020-05-17 15:21:08 Запрос стока. Прослушивание ответа API. Запрос 1 из 150. Получен ответ: COMPLETED
2020-05-17 15:21:08 Запрос стока. Разбор XML ответа
2020-05-17 15:21:09 Паштет "Argeta" из тунца 95г.
2020-05-17 15:21:09 Паштет "Argeta" куриный 95г.
2020-05-17 15:21:09 "Bebi Premium" молочная каша 4 злака с вишней и бананом с 12 мес. 200г
2020-05-17 15:21:09 "Bebi Premium" молочная каша 4 злака с вишней и бананом с 12 мес. 200г
2020-05-17 15:21:09 Паштет "Argeta" куриный 95г.
2020-05-17 15:21:09 Паштет "Argeta" куриный 95г
2020-05-17 15:21:09 Паштет "Argeta" из мяса индейки 95г.
2020-05-17 15:21:09 Паштет "Argeta" из тунца 95г.
2020-05-17 15:21:09 Паштет "Argeta" из тунца 95г.
2020-05-17 15:21:09 Паштет "Argeta" из тунца 95г.
2020-05-17 15:21:09 Паштет "Argeta" Junior куриный 95г.
2020-05-17 15:21:09 Паштетgf "Argeta" Junior куриный 95г.
2020-05-17 15:21:09 пАШТЕТ? "Argeta" Junior ??????? 95?.
2020-05-17 15:21:09 Супер "Argeta" Junior ??????? 95?.
2020-05-17 15:21:09 Паштетва "Argeta" из тунца 95г.
2020-05-17 15:21:10 Запись в буферную таблицу7 из 15
2020-05-17 15:21:12 Запись в буферную таблицу14 из 15
2020-05-17 15:21:12 Запись в буферную таблицу15 из 15
2020-05-17 15:21:12 Закрыли POWERSHELL
2020-05-17 15:21:12 Данные получены. Начинаем их обработку
2020-05-17 15:21:13 Обработка закончена. Завершаем работу
